2024-01-24T10:00:00.123Z INFO [AuthService] User login successful: user_001
2024-01-24T10:00:01.456Z INFO [SessionManager] New session created: session_12345
2024-01-24T10:15:30.789Z INFO [ProductService] Product view: smartphone (user_001)
2024-01-24T10:20:15.234Z INFO [CartService] Item added to cart: smartphone (user_001)
2024-01-24T10:22:00.567Z INFO [PaymentService] Payment initiated: 899.99 RUB (user_001)
2024-01-24T10:22:05.890Z INFO [PaymentService] Payment completed successfully (user_001)
2024-01-24T11:30:00.123Z INFO [AuthService] User login successful: user_002
2024-01-24T11:30:01.456Z INFO [SessionManager] New session created: session_12346
2024-01-24T11:32:00.789Z INFO [AnalyticsService] Analytics page accessed (user_002)
2024-01-24T11:37:30.234Z INFO [ExportService] Data export requested (user_002)
2024-01-24T11:37:35.567Z INFO [ExportService] Data export completed (user_002)
2024-01-24T12:00:00.123Z WARN [DatabaseService] Connection pool reaching capacity: 85%
2024-01-24T12:05:00.456Z ERROR [DatabaseService] Query timeout: SELECT * FROM products WHERE category = 'Electronics'
2024-01-24T12:05:01.789Z INFO [DatabaseService] Database connection restored
2024-01-24T12:10:00.234Z WARN [CacheService] Cache hit ratio below threshold: 65%
2024-01-24T12:15:00.567Z INFO [CacheService] Cache warming initiated
2024-01-24T14:00:00.890Z INFO [AuthService] User login successful: user_003
2024-01-24T14:00:01.123Z INFO [SessionManager] New session created: session_12347
2024-01-24T14:03:30.456Z INFO [ProductService] Product view: laptop (user_003)
2024-01-24T14:07:30.789Z WARN [SessionManager] User session ended without conversion (user_003)
2024-01-24T14:30:00.234Z ERROR [EmailService] Failed to send welcome email to user_003: SMTP connection timeout
2024-01-24T14:30:05.567Z INFO [EmailService] Email retry scheduled for user_003
2024-01-24T14:45:00.890Z ERROR [PaymentService] Credit card validation failed: invalid CVV
2024-01-24T14:45:01.123Z WARN [SecurityService] Suspicious payment attempt detected from IP: 192.168.1.100
2024-01-24T15:00:00.456Z INFO [BackupService] Database backup started
2024-01-24T15:15:00.789Z INFO [AuthService] User login successful: user_004
2024-01-24T15:15:01.234Z INFO [SessionManager] New session created: session_12348
2024-01-24T15:17:00.567Z INFO [SupportService] Support page accessed (user_004)
2024-01-24T15:24:00.890Z INFO [SupportService] Support ticket created: #12345 (user_004)
2024-01-24T15:30:00.123Z INFO [BackupService] Database backup completed successfully
2024-01-24T15:45:00.456Z ERROR [ApiGateway] Rate limit exceeded for API key: mobile_app_key
2024-01-24T16:00:00.789Z WARN [LoadBalancer] High CPU usage detected on server node-02: 92%
2024-01-24T16:15:00.234Z INFO [ScalingService] Auto-scaling triggered: adding 2 new instances
2024-01-24T16:30:00.567Z INFO [AuthService] User login successful: user_005
2024-01-24T16:30:01.890Z INFO [SessionManager] New session created: session_12349
2024-01-24T16:35:30.123Z INFO [SearchService] Product search query: "gaming console" (user_005)
2024-01-24T16:37:00.456Z INFO [ProductService] Product view: gaming-console (user_005)
2024-01-24T16:40:00.789Z INFO [CartService] Item added to cart: gaming-console (user_005)
2024-01-24T16:41:00.234Z WARN [CheckoutService] Checkout process abandoned (user_005)
2024-01-24T16:45:00.567Z ERROR [RecommendationService] ML model prediction failed: timeout
2024-01-24T17:00:00.890Z INFO [ScalingService] Auto-scaling completed: 2 instances added successfully
2024-01-24T17:15:00.123Z WARN [MonitoringService] Memory usage high on database server: 88%
2024-01-24T17:30:00.456Z INFO [MaintenanceService] Scheduled maintenance window starting in 30 minutes
2024-01-24T18:00:00.789Z INFO [MaintenanceService] System maintenance started
2024-01-24T18:30:00.234Z INFO [MaintenanceService] Database optimization completed
2024-01-24T19:00:00.567Z INFO [MaintenanceService] System maintenance completed successfully